<?xml version="1.0" encoding="UTF-8"?>
<testsuite name="PasswordCheckerTest" tests="1" skipped="0" failures="0" errors="0" timestamp="2020-03-17T18:09:44" hostname="koketso-HP-15-Notebook-PC" time="0.005">
  <properties/>
  <testcase name="password_is_valid" classname="PasswordCheckerTest" time="0.005"/>
  <system-out><![CDATA[]]></system-out>
  <system-err><![CDATA[]]></system-err>
</testsuite>
