<?xml version="1.0" encoding="UTF-8"?>
<testsuite name="PasswordCheckerTest" tests="1" skipped="0" failures="0" errors="0" timestamp="2020-03-10T12:26:57" hostname="koketso-HP-15-Notebook-PC" time="0.012">
  <properties/>
  <testcase name="password_is_valid" classname="PasswordCheckerTest" time="0.012"/>
  <system-out><![CDATA[]]></system-out>
  <system-err><![CDATA[]]></system-err>
</testsuite>
