<?xml version="1.0" encoding="UTF-8"?>
<testsuite name="PasswordCheckerTest" tests="1" skipped="0" failures="0" errors="0" timestamp="2020-07-24T13:47:41" hostname="koketso-HP-15-Notebook-PC" time="0.071">
  <properties/>
  <testcase name="exisitingPassword()" classname="PasswordCheckerTest" time="0.071"/>
  <system-out><![CDATA[]]></system-out>
  <system-err><![CDATA[]]></system-err>
</testsuite>
